<?xml version="1.0" encoding="UTF-8"?>
<!-- Generated by org.testng.reporters.JUnitXMLReporter -->
<testsuite ignored="0" hostname="LAPTOP-QBTCVFMP" failures="0" tests="4" name="Default test" time="74.403" errors="0" timestamp="2022-08-23T20:24:27 WIB">
  <testcase classname="com.juaracoding.appium.TestCalculator" name="testBagi" time="13.733"/>
  <testcase classname="com.juaracoding.appium.TestCalculator" name="testKali" time="11.416"/>
  <testcase classname="com.juaracoding.appium.TestCalculator" name="testKurang" time="11.029"/>
  <testcase classname="com.juaracoding.appium.TestCalculator" name="testTambah" time="14.144"/>
</testsuite> <!-- Default test -->
